0 info it worked if it ends with ok
1 verbose cli [ 'D:\\nodejs\\node.exe',
1 verbose cli   'D:\\nodejs\\node_modules\\npm\\bin\\npm-cli.js',
1 verbose cli   'run',
1 verbose cli   'hot-build' ]
2 info using npm@3.10.10
3 info using node@v6.9.5
4 verbose run-script [ 'prehot-build', 'hot-build', 'posthot-build' ]
5 info lifecycle H5ForIQiYi@0.0.1~prehot-build: H5ForIQiYi@0.0.1
6 silly lifecycle H5ForIQiYi@0.0.1~prehot-build: no script for prehot-build, continuing
7 info lifecycle H5ForIQiYi@0.0.1~hot-build: H5ForIQiYi@0.0.1
8 verbose lifecycle H5ForIQiYi@0.0.1~hot-build: unsafe-perm in lifecycle true
9 verbose lifecycle H5ForIQiYi@0.0.1~hot-build: PATH: D:\nodejs\node_modules\npm\bin\node-gyp-bin;F:\myGit\H5ForIQiYi\node_modules\.bin;C:\Users\swull\AppData\Roaming\npm;D:\nodejs\;C:\ProgramData\Oracle\Java\javapath;C:\Program Files (x86)\NVIDIA Corporation\PhysX\Common;C:\WINDOWS\system32;C:\WINDOWS;C:\WINDOWS\System32\Wbem;C:\WINDOWS\System32\WindowsPowerShell\v1.0\;C:\Program Files\Git\cmd;D:\nodejs\;F:\server\php\ext;F:\server\mysql-5.6.17-winx64\bin;C:\Users\swull\AppData\Local\Microsoft\WindowsApps;C:\Program Files\nodejs;D:\nodejs\node_global;
10 verbose lifecycle H5ForIQiYi@0.0.1~hot-build: CWD: F:\myGit\H5ForIQiYi
11 silly lifecycle H5ForIQiYi@0.0.1~hot-build: Args: [ '/d /s /c',
11 silly lifecycle   'webpack-dev-server --inline --compress --process --quiet --content-base ./build' ]
12 verbose stack Error: kill ENOSYS
12 verbose stack     at exports._errnoException (util.js:1022:11)
12 verbose stack     at process.kill (internal/process.js:172:13)
12 verbose stack     at process.listener (D:\nodejs\node_modules\npm\node_modules\npmlog\node_modules\gauge\node_modules\signal-exit\index.js:86:15)
12 verbose stack     at emitNone (events.js:91:20)
12 verbose stack     at process.emit (events.js:185:7)
12 verbose stack     at processEmit (D:\nodejs\node_modules\npm\node_modules\npmlog\node_modules\gauge\node_modules\signal-exit\index.js:146:32)
12 verbose stack     at processEmit (D:\nodejs\node_modules\npm\node_modules\npm-registry-client\node_modules\npmlog\node_modules\gauge\node_modules\signal-exit\index.js:146:32)
12 verbose stack     at Signal.wrap.onsignal (internal/process.js:199:44)
13 verbose cwd F:\myGit\H5ForIQiYi
14 error Windows_NT 10.0.15063
15 error argv "D:\\nodejs\\node.exe" "D:\\nodejs\\node_modules\\npm\\bin\\npm-cli.js" "run" "hot-build"
16 error node v6.9.5
17 error npm  v3.10.10
18 error code ENOSYS
19 error errno ENOSYS
20 error syscall kill
21 error kill ENOSYS
22 error If you need help, you may report this error at:
22 error     <https://github.com/npm/npm/issues>
23 verbose exit [ 1, true ]
